21:39:07 INFO  : Launching XSCT server: xsct.bat -n  -interactive C:\Users\priya\OneDrive\Desktop\AES_ENCRYPTION\SD\temp_xsdb_launch_script.tcl
21:39:07 INFO  : Registering command handlers for Vitis TCF services
21:39:10 INFO  : XSCT server has started successfully.
21:39:10 INFO  : plnx-install-location is set to ''
21:39:10 INFO  : Successfully done setting XSCT server connection channel  
21:39:16 INFO  : Platform repository initialization has completed.
21:39:18 INFO  : Successfully done setting workspace for the tool. 
21:39:18 INFO  : Successfully done query RDI_DATADIR 
21:40:29 INFO  : Result from executing command 'getProjects': zed_platform
21:40:29 INFO  : Result from executing command 'getPlatforms': 
21:41:43 ERROR : (XSDB Server)rm: cannot lstat `*.o': Invalid argument

21:41:43 ERROR : (XSDB Server)make: *** [Makefile:42: clean] Error 1

21:44:53 INFO  : Result from executing command 'getProjects': zed_platform
21:44:53 INFO  : Result from executing command 'getPlatforms': zed_platform|C:/Users/priya/OneDrive/Desktop/AES_ENCRYPTION/SD/zed_platform/export/zed_platform/zed_platform.xpfm
21:46:06 INFO  : Result from executing command 'getProjects': zed_platform
21:46:06 INFO  : Result from executing command 'getPlatforms': zed_platform|C:/Users/priya/OneDrive/Desktop/AES_ENCRYPTION/SD/zed_platform/export/zed_platform/zed_platform.xpfm
21:46:06 INFO  : Checking for BSP changes to sync application flags for project 'blockchain_sd'...
21:46:06 INFO  : Updating application flags with new BSP settings...
21:46:06 INFO  : Successfully updated application flags for project blockchain_sd.
21:47:16 INFO  : Result from executing command 'getProjects': zed_platform
21:47:16 INFO  : Result from executing command 'getPlatforms': zed_platform|C:/Users/priya/OneDrive/Desktop/AES_ENCRYPTION/SD/zed_platform/export/zed_platform/zed_platform.xpfm
21:47:16 INFO  : Checking for BSP changes to sync application flags for project 'blockchain_sd'...
21:55:23 INFO  : Result from executing command 'getProjects': zed_platform
21:55:23 INFO  : Result from executing command 'getPlatforms': zed_platform|C:/Users/priya/OneDrive/Desktop/AES_ENCRYPTION/SD/zed_platform/export/zed_platform/zed_platform.xpfm
21:55:23 INFO  : Checking for BSP changes to sync application flags for project 'blockchain_sd'...
17:40:35 INFO  : Launching XSCT server: xsct.bat -n  -interactive C:\Users\priya\OneDrive\Desktop\AES_ENCRYPTION\SD\temp_xsdb_launch_script.tcl
17:40:42 INFO  : XSCT server has started successfully.
17:40:42 INFO  : plnx-install-location is set to ''
17:40:42 INFO  : Successfully done setting XSCT server connection channel  
17:40:42 INFO  : Successfully done setting workspace for the tool. 
17:40:48 INFO  : Platform repository initialization has completed.
17:40:49 INFO  : Registering command handlers for Vitis TCF services
17:40:55 INFO  : Successfully done query RDI_DATADIR 
17:41:34 INFO  : Connected to target on host '127.0.0.1' and port '3121'.
17:41:35 INFO  : Jtag cable 'Digilent Zed 210248AC8E96' is selected.
17:41:35 INFO  : 'jtag frequency' command is executed.
17:41:35 INFO  : Context for 'APU' is selected.
17:41:35 INFO  : System reset is completed.
17:41:38 INFO  : 'after 3000' command is executed.
17:41:38 INFO  : 'targets -set -filter {jtag_cable_name =~ "Digilent Zed 210248AC8E96" && level==0 && jtag_device_ctx=="jsn-Zed-210248AC8E96-23727093-0"}' command is executed.
17:41:41 INFO  : Device configured successfully with "C:/Users/priya/OneDrive/Desktop/AES_ENCRYPTION/SD/blockchain_sd/_ide/bitstream/design_2_wrapper.bit"
17:41:41 INFO  : Context for 'APU' is selected.
17:41:41 INFO  : Hardware design and registers information is loaded from 'C:/Users/priya/OneDrive/Desktop/AES_ENCRYPTION/SD/zed_platform/export/zed_platform/hw/design_2_wrapper.xsa'.
17:41:41 INFO  : 'configparams force-mem-access 1' command is executed.
17:41:41 INFO  : Context for 'APU' is selected.
17:41:41 INFO  : Sourcing of 'C:/Users/priya/OneDrive/Desktop/AES_ENCRYPTION/SD/blockchain_sd/_ide/psinit/ps7_init.tcl' is done.
17:41:41 INFO  : 'ps7_init' command is executed.
17:41:41 INFO  : 'ps7_post_config' command is executed.
17:41:41 INFO  : Context for processor 'ps7_cortexa9_0' is selected.
17:41:42 INFO  : The application 'C:/Users/priya/OneDrive/Desktop/AES_ENCRYPTION/SD/blockchain_sd/Debug/blockchain_sd.elf' is downloaded to processor 'ps7_cortexa9_0'.
17:41:42 INFO  : 'configparams force-mem-access 0' command is executed.
17:41:42 INFO  : ----------------XSDB Script----------------
connect -url tcp:127.0.0.1:3121
targets -set -nocase -filter {name =~"APU*"}
rst -system
after 3000
targets -set -filter {jtag_cable_name =~ "Digilent Zed 210248AC8E96" && level==0 && jtag_device_ctx=="jsn-Zed-210248AC8E96-23727093-0"}
fpga -file C:/Users/priya/OneDrive/Desktop/AES_ENCRYPTION/SD/blockchain_sd/_ide/bitstream/design_2_wrapper.bit
targets -set -nocase -filter {name =~"APU*"}
loadhw -hw C:/Users/priya/OneDrive/Desktop/AES_ENCRYPTION/SD/zed_platform/export/zed_platform/hw/design_2_wrapper.xsa -mem-ranges [list {0x40000000 0xbfffffff}] -regs
configparams force-mem-access 1
targets -set -nocase -filter {name =~"APU*"}
source C:/Users/priya/OneDrive/Desktop/AES_ENCRYPTION/SD/blockchain_sd/_ide/psinit/ps7_init.tcl
ps7_init
ps7_post_config
targets -set -nocase -filter {name =~ "*A9*#0"}
dow C:/Users/priya/OneDrive/Desktop/AES_ENCRYPTION/SD/blockchain_sd/Debug/blockchain_sd.elf
configparams force-mem-access 0
----------------End of Script----------------

17:41:42 INFO  : Context for processor 'ps7_cortexa9_0' is selected.
17:41:42 INFO  : 'con' command is executed.
17:41:42 INFO  : ----------------XSDB Script (After Launch)----------------
targets -set -nocase -filter {name =~ "*A9*#0"}
con
----------------End of Script----------------

17:41:42 INFO  : Launch script is exported to file 'C:\Users\priya\OneDrive\Desktop\AES_ENCRYPTION\SD\blockchain_sd_system\_ide\scripts\systemdebugger_blockchain_sd_system_standalone.tcl'
17:42:20 INFO  : Disconnected from the channel tcfchan#1.
17:42:20 INFO  : Connected to target on host '127.0.0.1' and port '3121'.
17:42:20 INFO  : Jtag cable 'Digilent Zed 210248AC8E96' is selected.
17:42:20 INFO  : 'jtag frequency' command is executed.
17:42:20 INFO  : Context for 'APU' is selected.
17:42:20 INFO  : System reset is completed.
17:42:23 INFO  : 'after 3000' command is executed.
17:42:23 INFO  : 'targets -set -filter {jtag_cable_name =~ "Digilent Zed 210248AC8E96" && level==0 && jtag_device_ctx=="jsn-Zed-210248AC8E96-23727093-0"}' command is executed.
17:42:26 INFO  : Device configured successfully with "C:/Users/priya/OneDrive/Desktop/AES_ENCRYPTION/SD/blockchain_sd/_ide/bitstream/design_2_wrapper.bit"
17:42:26 INFO  : Context for 'APU' is selected.
17:42:28 INFO  : Hardware design and registers information is loaded from 'C:/Users/priya/OneDrive/Desktop/AES_ENCRYPTION/SD/zed_platform/export/zed_platform/hw/design_2_wrapper.xsa'.
17:42:28 INFO  : 'configparams force-mem-access 1' command is executed.
17:42:28 INFO  : Context for 'APU' is selected.
17:42:28 INFO  : Sourcing of 'C:/Users/priya/OneDrive/Desktop/AES_ENCRYPTION/SD/blockchain_sd/_ide/psinit/ps7_init.tcl' is done.
17:42:28 INFO  : 'ps7_init' command is executed.
17:42:28 INFO  : 'ps7_post_config' command is executed.
17:42:28 INFO  : Context for processor 'ps7_cortexa9_0' is selected.
17:42:29 INFO  : The application 'C:/Users/priya/OneDrive/Desktop/AES_ENCRYPTION/SD/blockchain_sd/Debug/blockchain_sd.elf' is downloaded to processor 'ps7_cortexa9_0'.
17:42:29 INFO  : 'configparams force-mem-access 0' command is executed.
17:42:29 INFO  : ----------------XSDB Script----------------
connect -url tcp:127.0.0.1:3121
targets -set -nocase -filter {name =~"APU*"}
rst -system
after 3000
targets -set -filter {jtag_cable_name =~ "Digilent Zed 210248AC8E96" && level==0 && jtag_device_ctx=="jsn-Zed-210248AC8E96-23727093-0"}
fpga -file C:/Users/priya/OneDrive/Desktop/AES_ENCRYPTION/SD/blockchain_sd/_ide/bitstream/design_2_wrapper.bit
targets -set -nocase -filter {name =~"APU*"}
loadhw -hw C:/Users/priya/OneDrive/Desktop/AES_ENCRYPTION/SD/zed_platform/export/zed_platform/hw/design_2_wrapper.xsa -mem-ranges [list {0x40000000 0xbfffffff}] -regs
configparams force-mem-access 1
targets -set -nocase -filter {name =~"APU*"}
source C:/Users/priya/OneDrive/Desktop/AES_ENCRYPTION/SD/blockchain_sd/_ide/psinit/ps7_init.tcl
ps7_init
ps7_post_config
targets -set -nocase -filter {name =~ "*A9*#0"}
dow C:/Users/priya/OneDrive/Desktop/AES_ENCRYPTION/SD/blockchain_sd/Debug/blockchain_sd.elf
configparams force-mem-access 0
----------------End of Script----------------

17:42:29 INFO  : Context for processor 'ps7_cortexa9_0' is selected.
17:42:29 INFO  : 'con' command is executed.
17:42:29 INFO  : ----------------XSDB Script (After Launch)----------------
targets -set -nocase -filter {name =~ "*A9*#0"}
con
----------------End of Script----------------

17:42:29 INFO  : Launch script is exported to file 'C:\Users\priya\OneDrive\Desktop\AES_ENCRYPTION\SD\blockchain_sd_system\_ide\scripts\systemdebugger_blockchain_sd_system_standalone.tcl'
17:46:30 INFO  : Disconnected from the channel tcfchan#2.
17:46:30 INFO  : Connected to target on host '127.0.0.1' and port '3121'.
17:46:30 INFO  : Jtag cable 'Digilent Zed 210248AC8E96' is selected.
17:46:30 INFO  : 'jtag frequency' command is executed.
17:46:30 INFO  : Context for 'APU' is selected.
17:46:30 INFO  : System reset is completed.
17:46:33 INFO  : 'after 3000' command is executed.
17:46:33 INFO  : 'targets -set -filter {jtag_cable_name =~ "Digilent Zed 210248AC8E96" && level==0 && jtag_device_ctx=="jsn-Zed-210248AC8E96-23727093-0"}' command is executed.
17:46:36 INFO  : Device configured successfully with "C:/Users/priya/OneDrive/Desktop/AES_ENCRYPTION/SD/blockchain_sd/_ide/bitstream/design_2_wrapper.bit"
17:46:36 INFO  : Context for 'APU' is selected.
17:46:38 INFO  : Hardware design and registers information is loaded from 'C:/Users/priya/OneDrive/Desktop/AES_ENCRYPTION/SD/zed_platform/export/zed_platform/hw/design_2_wrapper.xsa'.
17:46:38 INFO  : 'configparams force-mem-access 1' command is executed.
17:46:38 INFO  : Context for 'APU' is selected.
17:46:38 INFO  : Sourcing of 'C:/Users/priya/OneDrive/Desktop/AES_ENCRYPTION/SD/blockchain_sd/_ide/psinit/ps7_init.tcl' is done.
17:46:38 INFO  : 'ps7_init' command is executed.
17:46:38 INFO  : 'ps7_post_config' command is executed.
17:46:39 INFO  : Context for processor 'ps7_cortexa9_0' is selected.
17:46:39 INFO  : The application 'C:/Users/priya/OneDrive/Desktop/AES_ENCRYPTION/SD/blockchain_sd/Debug/blockchain_sd.elf' is downloaded to processor 'ps7_cortexa9_0'.
17:46:39 INFO  : 'configparams force-mem-access 0' command is executed.
17:46:39 INFO  : ----------------XSDB Script----------------
connect -url tcp:127.0.0.1:3121
targets -set -nocase -filter {name =~"APU*"}
rst -system
after 3000
targets -set -filter {jtag_cable_name =~ "Digilent Zed 210248AC8E96" && level==0 && jtag_device_ctx=="jsn-Zed-210248AC8E96-23727093-0"}
fpga -file C:/Users/priya/OneDrive/Desktop/AES_ENCRYPTION/SD/blockchain_sd/_ide/bitstream/design_2_wrapper.bit
targets -set -nocase -filter {name =~"APU*"}
loadhw -hw C:/Users/priya/OneDrive/Desktop/AES_ENCRYPTION/SD/zed_platform/export/zed_platform/hw/design_2_wrapper.xsa -mem-ranges [list {0x40000000 0xbfffffff}] -regs
configparams force-mem-access 1
targets -set -nocase -filter {name =~"APU*"}
source C:/Users/priya/OneDrive/Desktop/AES_ENCRYPTION/SD/blockchain_sd/_ide/psinit/ps7_init.tcl
ps7_init
ps7_post_config
targets -set -nocase -filter {name =~ "*A9*#0"}
dow C:/Users/priya/OneDrive/Desktop/AES_ENCRYPTION/SD/blockchain_sd/Debug/blockchain_sd.elf
configparams force-mem-access 0
----------------End of Script----------------

17:46:39 INFO  : Context for processor 'ps7_cortexa9_0' is selected.
17:46:39 INFO  : 'con' command is executed.
17:46:39 INFO  : ----------------XSDB Script (After Launch)----------------
targets -set -nocase -filter {name =~ "*A9*#0"}
con
----------------End of Script----------------

17:46:39 INFO  : Launch script is exported to file 'C:\Users\priya\OneDrive\Desktop\AES_ENCRYPTION\SD\blockchain_sd_system\_ide\scripts\systemdebugger_blockchain_sd_system_standalone.tcl'
17:47:49 INFO  : Checking for BSP changes to sync application flags for project 'blockchain_sd'...
17:48:06 INFO  : Checking for BSP changes to sync application flags for project 'blockchain_sd'...
17:48:12 ERROR : (XSDB Server)ERROR: [Hsi 55-1571] The design file C:/Users/priya/OneDrive/Desktop/AES_ENCRYPTION/SD/zed_platform/export/zed_platform/hw/design_2_wrapper.xsa is already opened

17:48:22 INFO  : Disconnected from the channel tcfchan#3.
17:48:22 INFO  : Connected to target on host '127.0.0.1' and port '3121'.
17:48:22 INFO  : Jtag cable 'Digilent Zed 210248AC8E96' is selected.
17:48:22 INFO  : 'jtag frequency' command is executed.
17:48:22 INFO  : Context for 'APU' is selected.
17:48:22 INFO  : System reset is completed.
17:48:25 INFO  : 'after 3000' command is executed.
17:48:25 INFO  : 'targets -set -filter {jtag_cable_name =~ "Digilent Zed 210248AC8E96" && level==0 && jtag_device_ctx=="jsn-Zed-210248AC8E96-23727093-0"}' command is executed.
17:48:27 INFO  : Device configured successfully with "C:/Users/priya/OneDrive/Desktop/AES_ENCRYPTION/SD/blockchain_sd/_ide/bitstream/design_2_wrapper.bit"
17:48:27 INFO  : Context for 'APU' is selected.
17:48:30 INFO  : Hardware design and registers information is loaded from 'C:/Users/priya/OneDrive/Desktop/AES_ENCRYPTION/SD/zed_platform/export/zed_platform/hw/design_2_wrapper.xsa'.
17:48:30 INFO  : 'configparams force-mem-access 1' command is executed.
17:48:30 INFO  : Context for 'APU' is selected.
17:48:30 INFO  : Sourcing of 'C:/Users/priya/OneDrive/Desktop/AES_ENCRYPTION/SD/blockchain_sd/_ide/psinit/ps7_init.tcl' is done.
17:48:30 INFO  : 'ps7_init' command is executed.
17:48:30 INFO  : 'ps7_post_config' command is executed.
17:48:30 INFO  : Context for processor 'ps7_cortexa9_0' is selected.
17:48:30 INFO  : The application 'C:/Users/priya/OneDrive/Desktop/AES_ENCRYPTION/SD/blockchain_sd/Debug/blockchain_sd.elf' is downloaded to processor 'ps7_cortexa9_0'.
17:48:31 INFO  : 'configparams force-mem-access 0' command is executed.
17:48:31 INFO  : ----------------XSDB Script----------------
connect -url tcp:127.0.0.1:3121
targets -set -nocase -filter {name =~"APU*"}
rst -system
after 3000
targets -set -filter {jtag_cable_name =~ "Digilent Zed 210248AC8E96" && level==0 && jtag_device_ctx=="jsn-Zed-210248AC8E96-23727093-0"}
fpga -file C:/Users/priya/OneDrive/Desktop/AES_ENCRYPTION/SD/blockchain_sd/_ide/bitstream/design_2_wrapper.bit
targets -set -nocase -filter {name =~"APU*"}
loadhw -hw C:/Users/priya/OneDrive/Desktop/AES_ENCRYPTION/SD/zed_platform/export/zed_platform/hw/design_2_wrapper.xsa -mem-ranges [list {0x40000000 0xbfffffff}] -regs
configparams force-mem-access 1
targets -set -nocase -filter {name =~"APU*"}
source C:/Users/priya/OneDrive/Desktop/AES_ENCRYPTION/SD/blockchain_sd/_ide/psinit/ps7_init.tcl
ps7_init
ps7_post_config
targets -set -nocase -filter {name =~ "*A9*#0"}
dow C:/Users/priya/OneDrive/Desktop/AES_ENCRYPTION/SD/blockchain_sd/Debug/blockchain_sd.elf
configparams force-mem-access 0
----------------End of Script----------------

17:48:31 INFO  : Context for processor 'ps7_cortexa9_0' is selected.
17:48:31 INFO  : 'con' command is executed.
17:48:31 INFO  : ----------------XSDB Script (After Launch)----------------
targets -set -nocase -filter {name =~ "*A9*#0"}
con
----------------End of Script----------------

17:48:31 INFO  : Launch script is exported to file 'C:\Users\priya\OneDrive\Desktop\AES_ENCRYPTION\SD\blockchain_sd_system\_ide\scripts\systemdebugger_blockchain_sd_system_standalone.tcl'
17:50:34 INFO  : Disconnected from the channel tcfchan#5.
17:50:34 INFO  : Connected to target on host '127.0.0.1' and port '3121'.
17:50:34 INFO  : Jtag cable 'Digilent Zed 210248AC8E96' is selected.
17:50:34 INFO  : 'jtag frequency' command is executed.
17:50:34 INFO  : Context for 'APU' is selected.
17:50:34 INFO  : System reset is completed.
17:50:37 INFO  : 'after 3000' command is executed.
17:50:37 INFO  : 'targets -set -filter {jtag_cable_name =~ "Digilent Zed 210248AC8E96" && level==0 && jtag_device_ctx=="jsn-Zed-210248AC8E96-23727093-0"}' command is executed.
17:50:40 INFO  : Device configured successfully with "C:/Users/priya/OneDrive/Desktop/AES_ENCRYPTION/SD/blockchain_sd/_ide/bitstream/design_2_wrapper.bit"
17:50:40 INFO  : Context for 'APU' is selected.
17:50:42 INFO  : Hardware design and registers information is loaded from 'C:/Users/priya/OneDrive/Desktop/AES_ENCRYPTION/SD/zed_platform/export/zed_platform/hw/design_2_wrapper.xsa'.
17:50:42 INFO  : 'configparams force-mem-access 1' command is executed.
17:50:42 INFO  : Context for 'APU' is selected.
17:50:42 INFO  : Sourcing of 'C:/Users/priya/OneDrive/Desktop/AES_ENCRYPTION/SD/blockchain_sd/_ide/psinit/ps7_init.tcl' is done.
17:50:43 INFO  : 'ps7_init' command is executed.
17:50:43 INFO  : 'ps7_post_config' command is executed.
17:50:43 INFO  : Context for processor 'ps7_cortexa9_0' is selected.
17:50:43 INFO  : The application 'C:/Users/priya/OneDrive/Desktop/AES_ENCRYPTION/SD/blockchain_sd/Debug/blockchain_sd.elf' is downloaded to processor 'ps7_cortexa9_0'.
17:50:43 INFO  : 'configparams force-mem-access 0' command is executed.
17:50:43 INFO  : ----------------XSDB Script----------------
connect -url tcp:127.0.0.1:3121
targets -set -nocase -filter {name =~"APU*"}
rst -system
after 3000
targets -set -filter {jtag_cable_name =~ "Digilent Zed 210248AC8E96" && level==0 && jtag_device_ctx=="jsn-Zed-210248AC8E96-23727093-0"}
fpga -file C:/Users/priya/OneDrive/Desktop/AES_ENCRYPTION/SD/blockchain_sd/_ide/bitstream/design_2_wrapper.bit
targets -set -nocase -filter {name =~"APU*"}
loadhw -hw C:/Users/priya/OneDrive/Desktop/AES_ENCRYPTION/SD/zed_platform/export/zed_platform/hw/design_2_wrapper.xsa -mem-ranges [list {0x40000000 0xbfffffff}] -regs
configparams force-mem-access 1
targets -set -nocase -filter {name =~"APU*"}
source C:/Users/priya/OneDrive/Desktop/AES_ENCRYPTION/SD/blockchain_sd/_ide/psinit/ps7_init.tcl
ps7_init
ps7_post_config
targets -set -nocase -filter {name =~ "*A9*#0"}
dow C:/Users/priya/OneDrive/Desktop/AES_ENCRYPTION/SD/blockchain_sd/Debug/blockchain_sd.elf
configparams force-mem-access 0
----------------End of Script----------------

17:50:43 INFO  : Context for processor 'ps7_cortexa9_0' is selected.
17:50:43 INFO  : 'con' command is executed.
17:50:43 INFO  : ----------------XSDB Script (After Launch)----------------
targets -set -nocase -filter {name =~ "*A9*#0"}
con
----------------End of Script----------------

17:50:43 INFO  : Launch script is exported to file 'C:\Users\priya\OneDrive\Desktop\AES_ENCRYPTION\SD\blockchain_sd_system\_ide\scripts\systemdebugger_blockchain_sd_system_standalone.tcl'
17:51:18 INFO  : Disconnected from the channel tcfchan#6.
17:51:18 INFO  : Connected to target on host '127.0.0.1' and port '3121'.
17:51:19 INFO  : Jtag cable 'Digilent Zed 210248AC8E96' is selected.
17:51:19 INFO  : 'jtag frequency' command is executed.
17:51:19 INFO  : Context for 'APU' is selected.
17:51:19 INFO  : System reset is completed.
17:51:22 INFO  : 'after 3000' command is executed.
17:51:22 INFO  : 'targets -set -filter {jtag_cable_name =~ "Digilent Zed 210248AC8E96" && level==0 && jtag_device_ctx=="jsn-Zed-210248AC8E96-23727093-0"}' command is executed.
17:51:24 INFO  : Device configured successfully with "C:/Users/priya/OneDrive/Desktop/AES_ENCRYPTION/SD/blockchain_sd/_ide/bitstream/design_2_wrapper.bit"
17:51:24 INFO  : Context for 'APU' is selected.
17:51:27 INFO  : Hardware design and registers information is loaded from 'C:/Users/priya/OneDrive/Desktop/AES_ENCRYPTION/SD/zed_platform/export/zed_platform/hw/design_2_wrapper.xsa'.
17:51:27 INFO  : 'configparams force-mem-access 1' command is executed.
17:51:27 INFO  : Context for 'APU' is selected.
17:51:27 INFO  : Sourcing of 'C:/Users/priya/OneDrive/Desktop/AES_ENCRYPTION/SD/blockchain_sd/_ide/psinit/ps7_init.tcl' is done.
17:51:27 INFO  : 'ps7_init' command is executed.
17:51:27 INFO  : 'ps7_post_config' command is executed.
17:51:27 INFO  : Context for processor 'ps7_cortexa9_0' is selected.
17:51:27 INFO  : The application 'C:/Users/priya/OneDrive/Desktop/AES_ENCRYPTION/SD/blockchain_sd/Debug/blockchain_sd.elf' is downloaded to processor 'ps7_cortexa9_0'.
17:51:27 INFO  : 'configparams force-mem-access 0' command is executed.
17:51:27 INFO  : ----------------XSDB Script----------------
connect -url tcp:127.0.0.1:3121
targets -set -nocase -filter {name =~"APU*"}
rst -system
after 3000
targets -set -filter {jtag_cable_name =~ "Digilent Zed 210248AC8E96" && level==0 && jtag_device_ctx=="jsn-Zed-210248AC8E96-23727093-0"}
fpga -file C:/Users/priya/OneDrive/Desktop/AES_ENCRYPTION/SD/blockchain_sd/_ide/bitstream/design_2_wrapper.bit
targets -set -nocase -filter {name =~"APU*"}
loadhw -hw C:/Users/priya/OneDrive/Desktop/AES_ENCRYPTION/SD/zed_platform/export/zed_platform/hw/design_2_wrapper.xsa -mem-ranges [list {0x40000000 0xbfffffff}] -regs
configparams force-mem-access 1
targets -set -nocase -filter {name =~"APU*"}
source C:/Users/priya/OneDrive/Desktop/AES_ENCRYPTION/SD/blockchain_sd/_ide/psinit/ps7_init.tcl
ps7_init
ps7_post_config
targets -set -nocase -filter {name =~ "*A9*#0"}
dow C:/Users/priya/OneDrive/Desktop/AES_ENCRYPTION/SD/blockchain_sd/Debug/blockchain_sd.elf
configparams force-mem-access 0
----------------End of Script----------------

17:51:28 INFO  : Context for processor 'ps7_cortexa9_0' is selected.
17:51:28 INFO  : 'con' command is executed.
17:51:28 INFO  : ----------------XSDB Script (After Launch)----------------
targets -set -nocase -filter {name =~ "*A9*#0"}
con
----------------End of Script----------------

17:51:28 INFO  : Launch script is exported to file 'C:\Users\priya\OneDrive\Desktop\AES_ENCRYPTION\SD\blockchain_sd_system\_ide\scripts\systemdebugger_blockchain_sd_system_standalone.tcl'
17:54:29 INFO  : Checking for BSP changes to sync application flags for project 'blockchain_sd'...
17:55:02 INFO  : Checking for BSP changes to sync application flags for project 'blockchain_sd'...
17:55:05 ERROR : (XSDB Server)ERROR: [Hsi 55-1571] The design file C:/Users/priya/OneDrive/Desktop/AES_ENCRYPTION/SD/zed_platform/export/zed_platform/hw/design_2_wrapper.xsa is already opened

17:55:12 INFO  : Disconnected from the channel tcfchan#7.
17:55:12 INFO  : Connected to target on host '127.0.0.1' and port '3121'.
17:55:13 INFO  : Jtag cable 'Digilent Zed 210248AC8E96' is selected.
17:55:13 INFO  : 'jtag frequency' command is executed.
17:55:13 INFO  : Context for 'APU' is selected.
17:55:13 INFO  : System reset is completed.
17:55:16 INFO  : 'after 3000' command is executed.
17:55:16 INFO  : 'targets -set -filter {jtag_cable_name =~ "Digilent Zed 210248AC8E96" && level==0 && jtag_device_ctx=="jsn-Zed-210248AC8E96-23727093-0"}' command is executed.
17:55:18 INFO  : Device configured successfully with "C:/Users/priya/OneDrive/Desktop/AES_ENCRYPTION/SD/blockchain_sd/_ide/bitstream/design_2_wrapper.bit"
17:55:18 INFO  : Context for 'APU' is selected.
17:55:20 INFO  : Hardware design and registers information is loaded from 'C:/Users/priya/OneDrive/Desktop/AES_ENCRYPTION/SD/zed_platform/export/zed_platform/hw/design_2_wrapper.xsa'.
17:55:20 INFO  : 'configparams force-mem-access 1' command is executed.
17:55:20 INFO  : Context for 'APU' is selected.
17:55:20 INFO  : Sourcing of 'C:/Users/priya/OneDrive/Desktop/AES_ENCRYPTION/SD/blockchain_sd/_ide/psinit/ps7_init.tcl' is done.
17:55:21 INFO  : 'ps7_init' command is executed.
17:55:21 INFO  : 'ps7_post_config' command is executed.
17:55:21 INFO  : Context for processor 'ps7_cortexa9_0' is selected.
17:55:21 INFO  : The application 'C:/Users/priya/OneDrive/Desktop/AES_ENCRYPTION/SD/blockchain_sd/Debug/blockchain_sd.elf' is downloaded to processor 'ps7_cortexa9_0'.
17:55:21 INFO  : 'configparams force-mem-access 0' command is executed.
17:55:21 INFO  : ----------------XSDB Script----------------
connect -url tcp:127.0.0.1:3121
targets -set -nocase -filter {name =~"APU*"}
rst -system
after 3000
targets -set -filter {jtag_cable_name =~ "Digilent Zed 210248AC8E96" && level==0 && jtag_device_ctx=="jsn-Zed-210248AC8E96-23727093-0"}
fpga -file C:/Users/priya/OneDrive/Desktop/AES_ENCRYPTION/SD/blockchain_sd/_ide/bitstream/design_2_wrapper.bit
targets -set -nocase -filter {name =~"APU*"}
loadhw -hw C:/Users/priya/OneDrive/Desktop/AES_ENCRYPTION/SD/zed_platform/export/zed_platform/hw/design_2_wrapper.xsa -mem-ranges [list {0x40000000 0xbfffffff}] -regs
configparams force-mem-access 1
targets -set -nocase -filter {name =~"APU*"}
source C:/Users/priya/OneDrive/Desktop/AES_ENCRYPTION/SD/blockchain_sd/_ide/psinit/ps7_init.tcl
ps7_init
ps7_post_config
targets -set -nocase -filter {name =~ "*A9*#0"}
dow C:/Users/priya/OneDrive/Desktop/AES_ENCRYPTION/SD/blockchain_sd/Debug/blockchain_sd.elf
configparams force-mem-access 0
----------------End of Script----------------

17:55:21 INFO  : Context for processor 'ps7_cortexa9_0' is selected.
17:55:21 INFO  : 'con' command is executed.
17:55:21 INFO  : ----------------XSDB Script (After Launch)----------------
targets -set -nocase -filter {name =~ "*A9*#0"}
con
----------------End of Script----------------

17:55:21 INFO  : Launch script is exported to file 'C:\Users\priya\OneDrive\Desktop\AES_ENCRYPTION\SD\blockchain_sd_system\_ide\scripts\systemdebugger_blockchain_sd_system_standalone.tcl'
17:57:13 INFO  : Disconnected from the channel tcfchan#9.
17:57:13 INFO  : Connected to target on host '127.0.0.1' and port '3121'.
17:57:14 INFO  : Jtag cable 'Digilent Zed 210248AC8E96' is selected.
17:57:14 INFO  : 'jtag frequency' command is executed.
17:57:14 INFO  : Context for 'APU' is selected.
17:57:14 INFO  : System reset is completed.
17:57:17 INFO  : 'after 3000' command is executed.
17:57:17 INFO  : 'targets -set -filter {jtag_cable_name =~ "Digilent Zed 210248AC8E96" && level==0 && jtag_device_ctx=="jsn-Zed-210248AC8E96-23727093-0"}' command is executed.
17:57:19 INFO  : Device configured successfully with "C:/Users/priya/OneDrive/Desktop/AES_ENCRYPTION/SD/blockchain_sd/_ide/bitstream/design_2_wrapper.bit"
17:57:19 INFO  : Context for 'APU' is selected.
17:57:21 INFO  : Hardware design and registers information is loaded from 'C:/Users/priya/OneDrive/Desktop/AES_ENCRYPTION/SD/zed_platform/export/zed_platform/hw/design_2_wrapper.xsa'.
17:57:21 INFO  : 'configparams force-mem-access 1' command is executed.
17:57:21 INFO  : Context for 'APU' is selected.
17:57:21 INFO  : Sourcing of 'C:/Users/priya/OneDrive/Desktop/AES_ENCRYPTION/SD/blockchain_sd/_ide/psinit/ps7_init.tcl' is done.
17:57:22 INFO  : 'ps7_init' command is executed.
17:57:22 INFO  : 'ps7_post_config' command is executed.
17:57:22 INFO  : Context for processor 'ps7_cortexa9_0' is selected.
17:57:22 INFO  : The application 'C:/Users/priya/OneDrive/Desktop/AES_ENCRYPTION/SD/blockchain_sd/Debug/blockchain_sd.elf' is downloaded to processor 'ps7_cortexa9_0'.
17:57:22 INFO  : 'configparams force-mem-access 0' command is executed.
17:57:22 INFO  : ----------------XSDB Script----------------
connect -url tcp:127.0.0.1:3121
targets -set -nocase -filter {name =~"APU*"}
rst -system
after 3000
targets -set -filter {jtag_cable_name =~ "Digilent Zed 210248AC8E96" && level==0 && jtag_device_ctx=="jsn-Zed-210248AC8E96-23727093-0"}
fpga -file C:/Users/priya/OneDrive/Desktop/AES_ENCRYPTION/SD/blockchain_sd/_ide/bitstream/design_2_wrapper.bit
targets -set -nocase -filter {name =~"APU*"}
loadhw -hw C:/Users/priya/OneDrive/Desktop/AES_ENCRYPTION/SD/zed_platform/export/zed_platform/hw/design_2_wrapper.xsa -mem-ranges [list {0x40000000 0xbfffffff}] -regs
configparams force-mem-access 1
targets -set -nocase -filter {name =~"APU*"}
source C:/Users/priya/OneDrive/Desktop/AES_ENCRYPTION/SD/blockchain_sd/_ide/psinit/ps7_init.tcl
ps7_init
ps7_post_config
targets -set -nocase -filter {name =~ "*A9*#0"}
dow C:/Users/priya/OneDrive/Desktop/AES_ENCRYPTION/SD/blockchain_sd/Debug/blockchain_sd.elf
configparams force-mem-access 0
----------------End of Script----------------

17:57:22 INFO  : Context for processor 'ps7_cortexa9_0' is selected.
17:57:22 INFO  : 'con' command is executed.
17:57:22 INFO  : ----------------XSDB Script (After Launch)----------------
targets -set -nocase -filter {name =~ "*A9*#0"}
con
----------------End of Script----------------

17:57:22 INFO  : Launch script is exported to file 'C:\Users\priya\OneDrive\Desktop\AES_ENCRYPTION\SD\blockchain_sd_system\_ide\scripts\systemdebugger_blockchain_sd_system_standalone.tcl'
17:59:31 INFO  : Disconnected from the channel tcfchan#10.
20:51:00 INFO  : Launching XSCT server: xsct.bat -n  -interactive C:\Users\priya\OneDrive\Desktop\AES_ENCRYPTION\SD\temp_xsdb_launch_script.tcl
20:51:06 INFO  : XSCT server has started successfully.
20:51:06 INFO  : plnx-install-location is set to ''
20:51:06 INFO  : Successfully done setting XSCT server connection channel  
20:51:06 INFO  : Successfully done setting workspace for the tool. 
20:51:13 INFO  : Platform repository initialization has completed.
20:51:13 INFO  : Registering command handlers for Vitis TCF services
20:51:30 INFO  : Successfully done query RDI_DATADIR 
20:53:29 INFO  : Connected to target on host '127.0.0.1' and port '3121'.
20:53:30 INFO  : Jtag cable 'Digilent Zed 210248AC8E96' is selected.
20:53:30 INFO  : 'jtag frequency' command is executed.
20:53:30 INFO  : Context for 'APU' is selected.
20:53:30 INFO  : System reset is completed.
20:53:33 INFO  : 'after 3000' command is executed.
20:53:33 INFO  : 'targets -set -filter {jtag_cable_name =~ "Digilent Zed 210248AC8E96" && level==0 && jtag_device_ctx=="jsn-Zed-210248AC8E96-23727093-0"}' command is executed.
20:53:35 INFO  : Device configured successfully with "C:/Users/priya/OneDrive/Desktop/AES_ENCRYPTION/SD/blockchain_sd/_ide/bitstream/design_2_wrapper.bit"
20:53:36 INFO  : Context for 'APU' is selected.
20:53:36 INFO  : Hardware design and registers information is loaded from 'C:/Users/priya/OneDrive/Desktop/AES_ENCRYPTION/SD/zed_platform/export/zed_platform/hw/design_2_wrapper.xsa'.
20:53:36 INFO  : 'configparams force-mem-access 1' command is executed.
20:53:36 INFO  : Context for 'APU' is selected.
20:53:36 INFO  : Sourcing of 'C:/Users/priya/OneDrive/Desktop/AES_ENCRYPTION/SD/blockchain_sd/_ide/psinit/ps7_init.tcl' is done.
20:53:36 INFO  : 'ps7_init' command is executed.
20:53:36 INFO  : 'ps7_post_config' command is executed.
20:53:36 INFO  : Context for processor 'ps7_cortexa9_0' is selected.
20:53:37 INFO  : The application 'C:/Users/priya/OneDrive/Desktop/AES_ENCRYPTION/SD/blockchain_sd/Debug/blockchain_sd.elf' is downloaded to processor 'ps7_cortexa9_0'.
20:53:37 INFO  : 'configparams force-mem-access 0' command is executed.
20:53:37 INFO  : ----------------XSDB Script----------------
connect -url tcp:127.0.0.1:3121
targets -set -nocase -filter {name =~"APU*"}
rst -system
after 3000
targets -set -filter {jtag_cable_name =~ "Digilent Zed 210248AC8E96" && level==0 && jtag_device_ctx=="jsn-Zed-210248AC8E96-23727093-0"}
fpga -file C:/Users/priya/OneDrive/Desktop/AES_ENCRYPTION/SD/blockchain_sd/_ide/bitstream/design_2_wrapper.bit
targets -set -nocase -filter {name =~"APU*"}
loadhw -hw C:/Users/priya/OneDrive/Desktop/AES_ENCRYPTION/SD/zed_platform/export/zed_platform/hw/design_2_wrapper.xsa -mem-ranges [list {0x40000000 0xbfffffff}] -regs
configparams force-mem-access 1
targets -set -nocase -filter {name =~"APU*"}
source C:/Users/priya/OneDrive/Desktop/AES_ENCRYPTION/SD/blockchain_sd/_ide/psinit/ps7_init.tcl
ps7_init
ps7_post_config
targets -set -nocase -filter {name =~ "*A9*#0"}
dow C:/Users/priya/OneDrive/Desktop/AES_ENCRYPTION/SD/blockchain_sd/Debug/blockchain_sd.elf
configparams force-mem-access 0
----------------End of Script----------------

20:53:37 INFO  : Context for processor 'ps7_cortexa9_0' is selected.
20:53:37 INFO  : 'con' command is executed.
20:53:37 INFO  : ----------------XSDB Script (After Launch)----------------
targets -set -nocase -filter {name =~ "*A9*#0"}
con
----------------End of Script----------------

20:53:37 INFO  : Launch script is exported to file 'C:\Users\priya\OneDrive\Desktop\AES_ENCRYPTION\SD\blockchain_sd_system\_ide\scripts\systemdebugger_blockchain_sd_system_standalone.tcl'
21:20:48 INFO  : Launching XSCT server: xsct.bat -n  -interactive C:\Users\priya\OneDrive\Desktop\AES_ENCRYPTION\SD\temp_xsdb_launch_script.tcl
21:20:52 INFO  : XSCT server has started successfully.
21:20:52 INFO  : plnx-install-location is set to ''
21:20:52 INFO  : Successfully done setting XSCT server connection channel  
21:20:52 INFO  : Successfully done setting workspace for the tool. 
21:20:59 INFO  : Platform repository initialization has completed.
21:20:59 INFO  : Registering command handlers for Vitis TCF services
21:21:06 INFO  : Successfully done query RDI_DATADIR 
20:46:16 INFO  : Launching XSCT server: xsct.bat -n  -interactive C:\Users\priya\OneDrive\Desktop\AES_ENCRYPTION\SD\temp_xsdb_launch_script.tcl
20:46:20 INFO  : XSCT server has started successfully.
20:46:20 INFO  : plnx-install-location is set to ''
20:46:20 INFO  : Successfully done setting XSCT server connection channel  
20:46:20 INFO  : Successfully done setting workspace for the tool. 
20:46:26 INFO  : Platform repository initialization has completed.
20:46:27 INFO  : Registering command handlers for Vitis TCF services
20:46:34 INFO  : Successfully done query RDI_DATADIR 
10:52:41 INFO  : Launching XSCT server: xsct.bat -n  -interactive C:\Users\priya\OneDrive\Desktop\AES_ENCRYPTION\SD\temp_xsdb_launch_script.tcl
10:52:46 INFO  : XSCT server has started successfully.
10:52:46 INFO  : plnx-install-location is set to ''
10:52:46 INFO  : Successfully done setting XSCT server connection channel  
10:52:46 INFO  : Successfully done setting workspace for the tool. 
10:52:52 INFO  : Platform repository initialization has completed.
10:52:53 INFO  : Registering command handlers for Vitis TCF services
10:53:00 INFO  : Successfully done query RDI_DATADIR 
10:55:59 INFO  : Connected to target on host '127.0.0.1' and port '3121'.
10:57:07 ERROR : Failed to connect to hardware server on host '127.0.0.1' and port '3121'.
Reason: 'connect -url tcp:127.0.0.1:3121' is cancelled.
10:57:07 INFO  : ----------------XSDB Script----------------
connect -url tcp:127.0.0.1:3121
----------------End of Script----------------

10:57:29 INFO  : Launching XSCT server: xsct.bat -n  -interactive C:\Users\priya\OneDrive\Desktop\AES_ENCRYPTION\SD\temp_xsdb_launch_script.tcl
10:57:32 INFO  : XSCT server has started successfully.
10:57:32 INFO  : plnx-install-location is set to ''
10:57:32 INFO  : Successfully done setting XSCT server connection channel  
10:57:32 INFO  : Successfully done setting workspace for the tool. 
10:57:37 INFO  : Platform repository initialization has completed.
10:57:37 INFO  : Successfully done query RDI_DATADIR 
10:57:38 INFO  : Registering command handlers for Vitis TCF services
10:57:58 INFO  : Connected to target on host '127.0.0.1' and port '3121'.
10:58:16 INFO  : ----------------XSDB Script----------------
connect -url tcp:127.0.0.1:3121
----------------End of Script----------------

10:58:16 ERROR : Could not find ARM device on the board for connection 'Local'.
Check if the target is in:
1. Split JTAG - No operations are possible with ARM DAP.
2. Non JTAG bootmode - Bootrom may need time to enable DAP.
Please try again.


Troubleshooting hints:
1. Check whether board is connected to system properly.
2. In case of zynq board, check whether Digilent/Xilinx cable switch settings are correct.
3. If you are using Xilinx Platform Cable USB, ensure that status LED is green.
10:58:46 INFO  : Connected to target on host '127.0.0.1' and port '3121'.
10:59:04 INFO  : ----------------XSDB Script----------------
connect -url tcp:127.0.0.1:3121
----------------End of Script----------------

10:59:04 ERROR : Could not find ARM device on the board for connection 'Local'.
Check if the target is in:
1. Split JTAG - No operations are possible with ARM DAP.
2. Non JTAG bootmode - Bootrom may need time to enable DAP.
Please try again.


Troubleshooting hints:
1. Check whether board is connected to system properly.
2. In case of zynq board, check whether Digilent/Xilinx cable switch settings are correct.
3. If you are using Xilinx Platform Cable USB, ensure that status LED is green.
10:59:46 INFO  : Connected to target on host '127.0.0.1' and port '3121'.
10:59:46 INFO  : Jtag cable 'Digilent Zed 210248AC8E96' is selected.
10:59:46 INFO  : 'jtag frequency' command is executed.
10:59:46 INFO  : Context for 'APU' is selected.
10:59:46 INFO  : System reset is completed.
10:59:49 INFO  : 'after 3000' command is executed.
10:59:49 INFO  : 'targets -set -filter {jtag_cable_name =~ "Digilent Zed 210248AC8E96" && level==0 && jtag_device_ctx=="jsn-Zed-210248AC8E96-23727093-0"}' command is executed.
10:59:52 INFO  : Device configured successfully with "C:/Users/priya/OneDrive/Desktop/AES_ENCRYPTION/SD/blockchain_sd/_ide/bitstream/design_2_wrapper.bit"
10:59:52 INFO  : Context for 'APU' is selected.
10:59:52 INFO  : Hardware design and registers information is loaded from 'C:/Users/priya/OneDrive/Desktop/AES_ENCRYPTION/SD/zed_platform/export/zed_platform/hw/design_2_wrapper.xsa'.
10:59:52 INFO  : 'configparams force-mem-access 1' command is executed.
10:59:52 INFO  : Context for 'APU' is selected.
10:59:52 INFO  : Sourcing of 'C:/Users/priya/OneDrive/Desktop/AES_ENCRYPTION/SD/blockchain_sd/_ide/psinit/ps7_init.tcl' is done.
10:59:52 INFO  : 'ps7_init' command is executed.
10:59:52 INFO  : 'ps7_post_config' command is executed.
10:59:52 INFO  : Context for processor 'ps7_cortexa9_0' is selected.
10:59:52 INFO  : The application 'C:/Users/priya/OneDrive/Desktop/AES_ENCRYPTION/SD/blockchain_sd/Debug/blockchain_sd.elf' is downloaded to processor 'ps7_cortexa9_0'.
10:59:52 INFO  : 'configparams force-mem-access 0' command is executed.
10:59:52 INFO  : ----------------XSDB Script----------------
connect -url tcp:127.0.0.1:3121
targets -set -nocase -filter {name =~"APU*"}
rst -system
after 3000
targets -set -filter {jtag_cable_name =~ "Digilent Zed 210248AC8E96" && level==0 && jtag_device_ctx=="jsn-Zed-210248AC8E96-23727093-0"}
fpga -file C:/Users/priya/OneDrive/Desktop/AES_ENCRYPTION/SD/blockchain_sd/_ide/bitstream/design_2_wrapper.bit
targets -set -nocase -filter {name =~"APU*"}
loadhw -hw C:/Users/priya/OneDrive/Desktop/AES_ENCRYPTION/SD/zed_platform/export/zed_platform/hw/design_2_wrapper.xsa -mem-ranges [list {0x40000000 0xbfffffff}] -regs
configparams force-mem-access 1
targets -set -nocase -filter {name =~"APU*"}
source C:/Users/priya/OneDrive/Desktop/AES_ENCRYPTION/SD/blockchain_sd/_ide/psinit/ps7_init.tcl
ps7_init
ps7_post_config
targets -set -nocase -filter {name =~ "*A9*#0"}
dow C:/Users/priya/OneDrive/Desktop/AES_ENCRYPTION/SD/blockchain_sd/Debug/blockchain_sd.elf
configparams force-mem-access 0
----------------End of Script----------------

10:59:53 INFO  : Context for processor 'ps7_cortexa9_0' is selected.
10:59:53 INFO  : 'con' command is executed.
10:59:53 INFO  : ----------------XSDB Script (After Launch)----------------
targets -set -nocase -filter {name =~ "*A9*#0"}
con
----------------End of Script----------------

10:59:53 INFO  : Launch script is exported to file 'C:\Users\priya\OneDrive\Desktop\AES_ENCRYPTION\SD\blockchain_sd_system\_ide\scripts\systemdebugger_blockchain_sd_system_standalone.tcl'
11:03:24 INFO  : Disconnected from the channel tcfchan#1.
11:56:21 INFO  : Launching XSCT server: xsct.bat -n  -interactive C:\Users\priya\OneDrive\Desktop\AES_ENCRYPTION\SD\temp_xsdb_launch_script.tcl
11:56:25 INFO  : XSCT server has started successfully.
11:56:25 INFO  : plnx-install-location is set to ''
11:56:25 INFO  : Successfully done setting XSCT server connection channel  
11:56:25 INFO  : Successfully done setting workspace for the tool. 
11:56:31 INFO  : Platform repository initialization has completed.
11:56:32 INFO  : Registering command handlers for Vitis TCF services
11:56:40 INFO  : Successfully done query RDI_DATADIR 
12:35:10 INFO  : Launching XSCT server: xsct.bat -n  -interactive C:\Users\priya\OneDrive\Desktop\AES_ENCRYPTION\SD\temp_xsdb_launch_script.tcl
12:35:13 INFO  : XSCT server has started successfully.
12:35:13 INFO  : Successfully done setting XSCT server connection channel  
12:35:13 INFO  : plnx-install-location is set to ''
12:35:13 INFO  : Successfully done setting workspace for the tool. 
12:35:18 INFO  : Platform repository initialization has completed.
12:35:19 INFO  : Registering command handlers for Vitis TCF services
12:35:19 INFO  : Successfully done query RDI_DATADIR 
12:36:45 INFO  : Connected to target on host '127.0.0.1' and port '3121'.
12:36:46 INFO  : Jtag cable 'Digilent Zed 210248AC8E96' is selected.
12:36:46 INFO  : 'jtag frequency' command is executed.
12:36:46 INFO  : Context for 'APU' is selected.
12:36:46 INFO  : System reset is completed.
12:36:49 INFO  : 'after 3000' command is executed.
12:36:49 INFO  : 'targets -set -filter {jtag_cable_name =~ "Digilent Zed 210248AC8E96" && level==0 && jtag_device_ctx=="jsn-Zed-210248AC8E96-23727093-0"}' command is executed.
12:36:51 INFO  : Device configured successfully with "C:/Users/priya/OneDrive/Desktop/AES_ENCRYPTION/SD/blockchain_sd/_ide/bitstream/design_2_wrapper.bit"
12:36:52 INFO  : Context for 'APU' is selected.
12:36:52 INFO  : Hardware design and registers information is loaded from 'C:/Users/priya/OneDrive/Desktop/AES_ENCRYPTION/SD/zed_platform/export/zed_platform/hw/design_2_wrapper.xsa'.
12:36:52 INFO  : 'configparams force-mem-access 1' command is executed.
12:36:52 INFO  : Context for 'APU' is selected.
12:36:52 INFO  : Sourcing of 'C:/Users/priya/OneDrive/Desktop/AES_ENCRYPTION/SD/blockchain_sd/_ide/psinit/ps7_init.tcl' is done.
12:36:52 INFO  : 'ps7_init' command is executed.
12:36:52 INFO  : 'ps7_post_config' command is executed.
12:36:52 INFO  : Context for processor 'ps7_cortexa9_0' is selected.
12:36:52 INFO  : The application 'C:/Users/priya/OneDrive/Desktop/AES_ENCRYPTION/SD/blockchain_sd/Debug/blockchain_sd.elf' is downloaded to processor 'ps7_cortexa9_0'.
12:36:53 INFO  : 'configparams force-mem-access 0' command is executed.
12:36:53 INFO  : ----------------XSDB Script----------------
connect -url tcp:127.0.0.1:3121
targets -set -nocase -filter {name =~"APU*"}
rst -system
after 3000
targets -set -filter {jtag_cable_name =~ "Digilent Zed 210248AC8E96" && level==0 && jtag_device_ctx=="jsn-Zed-210248AC8E96-23727093-0"}
fpga -file C:/Users/priya/OneDrive/Desktop/AES_ENCRYPTION/SD/blockchain_sd/_ide/bitstream/design_2_wrapper.bit
targets -set -nocase -filter {name =~"APU*"}
loadhw -hw C:/Users/priya/OneDrive/Desktop/AES_ENCRYPTION/SD/zed_platform/export/zed_platform/hw/design_2_wrapper.xsa -mem-ranges [list {0x40000000 0xbfffffff}] -regs
configparams force-mem-access 1
targets -set -nocase -filter {name =~"APU*"}
source C:/Users/priya/OneDrive/Desktop/AES_ENCRYPTION/SD/blockchain_sd/_ide/psinit/ps7_init.tcl
ps7_init
ps7_post_config
targets -set -nocase -filter {name =~ "*A9*#0"}
dow C:/Users/priya/OneDrive/Desktop/AES_ENCRYPTION/SD/blockchain_sd/Debug/blockchain_sd.elf
configparams force-mem-access 0
----------------End of Script----------------

12:36:53 INFO  : Context for processor 'ps7_cortexa9_0' is selected.
12:36:53 INFO  : 'con' command is executed.
12:36:53 INFO  : ----------------XSDB Script (After Launch)----------------
targets -set -nocase -filter {name =~ "*A9*#0"}
con
----------------End of Script----------------

12:36:53 INFO  : Launch script is exported to file 'C:\Users\priya\OneDrive\Desktop\AES_ENCRYPTION\SD\blockchain_sd_system\_ide\scripts\systemdebugger_blockchain_sd_system_standalone.tcl'
12:42:16 INFO  : Disconnected from the channel tcfchan#1.
12:44:15 INFO  : Launching XSCT server: xsct.bat -n  -interactive C:\Users\priya\OneDrive\Desktop\AES_ENCRYPTION\SD\temp_xsdb_launch_script.tcl
12:44:18 INFO  : XSCT server has started successfully.
12:44:18 INFO  : plnx-install-location is set to ''
12:44:18 INFO  : Successfully done setting XSCT server connection channel  
12:44:18 INFO  : Successfully done setting workspace for the tool. 
12:44:22 INFO  : Platform repository initialization has completed.
12:44:23 INFO  : Successfully done query RDI_DATADIR 
12:44:23 INFO  : Registering command handlers for Vitis TCF services
12:47:34 INFO  : Connected to target on host '127.0.0.1' and port '3121'.
12:47:34 INFO  : Jtag cable 'Digilent Zed 210248AC8E96' is selected.
12:47:34 INFO  : 'jtag frequency' command is executed.
12:47:34 INFO  : Context for 'APU' is selected.
12:47:34 INFO  : System reset is completed.
12:47:37 INFO  : 'after 3000' command is executed.
12:47:37 INFO  : 'targets -set -filter {jtag_cable_name =~ "Digilent Zed 210248AC8E96" && level==0 && jtag_device_ctx=="jsn-Zed-210248AC8E96-23727093-0"}' command is executed.
12:47:40 INFO  : Device configured successfully with "C:/Users/priya/OneDrive/Desktop/AES_ENCRYPTION/SD/blockchain_sd/_ide/bitstream/design_2_wrapper.bit"
12:47:40 INFO  : Context for 'APU' is selected.
12:47:40 INFO  : Hardware design and registers information is loaded from 'C:/Users/priya/OneDrive/Desktop/AES_ENCRYPTION/SD/zed_platform/export/zed_platform/hw/design_2_wrapper.xsa'.
12:47:40 INFO  : 'configparams force-mem-access 1' command is executed.
12:47:40 INFO  : Context for 'APU' is selected.
12:47:40 INFO  : Sourcing of 'C:/Users/priya/OneDrive/Desktop/AES_ENCRYPTION/SD/blockchain_sd/_ide/psinit/ps7_init.tcl' is done.
12:47:40 INFO  : 'ps7_init' command is executed.
12:47:40 INFO  : 'ps7_post_config' command is executed.
12:47:40 INFO  : Context for processor 'ps7_cortexa9_0' is selected.
12:47:40 INFO  : The application 'C:/Users/priya/OneDrive/Desktop/AES_ENCRYPTION/SD/blockchain_sd/Debug/blockchain_sd.elf' is downloaded to processor 'ps7_cortexa9_0'.
12:47:41 INFO  : 'configparams force-mem-access 0' command is executed.
12:47:41 INFO  : ----------------XSDB Script----------------
connect -url tcp:127.0.0.1:3121
targets -set -nocase -filter {name =~"APU*"}
rst -system
after 3000
targets -set -filter {jtag_cable_name =~ "Digilent Zed 210248AC8E96" && level==0 && jtag_device_ctx=="jsn-Zed-210248AC8E96-23727093-0"}
fpga -file C:/Users/priya/OneDrive/Desktop/AES_ENCRYPTION/SD/blockchain_sd/_ide/bitstream/design_2_wrapper.bit
targets -set -nocase -filter {name =~"APU*"}
loadhw -hw C:/Users/priya/OneDrive/Desktop/AES_ENCRYPTION/SD/zed_platform/export/zed_platform/hw/design_2_wrapper.xsa -mem-ranges [list {0x40000000 0xbfffffff}] -regs
configparams force-mem-access 1
targets -set -nocase -filter {name =~"APU*"}
source C:/Users/priya/OneDrive/Desktop/AES_ENCRYPTION/SD/blockchain_sd/_ide/psinit/ps7_init.tcl
ps7_init
ps7_post_config
targets -set -nocase -filter {name =~ "*A9*#0"}
dow C:/Users/priya/OneDrive/Desktop/AES_ENCRYPTION/SD/blockchain_sd/Debug/blockchain_sd.elf
configparams force-mem-access 0
----------------End of Script----------------

12:47:41 INFO  : Context for processor 'ps7_cortexa9_0' is selected.
12:47:41 INFO  : 'con' command is executed.
12:47:41 INFO  : ----------------XSDB Script (After Launch)----------------
targets -set -nocase -filter {name =~ "*A9*#0"}
con
----------------End of Script----------------

12:47:41 INFO  : Launch script is exported to file 'C:\Users\priya\OneDrive\Desktop\AES_ENCRYPTION\SD\blockchain_sd_system\_ide\scripts\systemdebugger_blockchain_sd_system_standalone.tcl'
13:01:39 INFO  : Disconnected from the channel tcfchan#1.
10:41:33 INFO  : Launching XSCT server: xsct.bat -n  -interactive C:\Users\priya\OneDrive\Desktop\AES_ENCRYPTION\SD\temp_xsdb_launch_script.tcl
10:41:39 INFO  : XSCT server has started successfully.
10:41:39 INFO  : Successfully done setting XSCT server connection channel  
10:41:39 INFO  : plnx-install-location is set to ''
10:41:39 INFO  : Successfully done setting workspace for the tool. 
10:41:45 INFO  : Platform repository initialization has completed.
10:41:46 INFO  : Registering command handlers for Vitis TCF services
10:41:56 INFO  : Successfully done query RDI_DATADIR 
10:47:02 INFO  : Launching XSCT server: xsct.bat -n  -interactive C:\Users\priya\OneDrive\Desktop\AES_ENCRYPTION\SD\temp_xsdb_launch_script.tcl
10:47:05 INFO  : XSCT server has started successfully.
10:47:05 INFO  : Successfully done setting XSCT server connection channel  
10:47:05 INFO  : plnx-install-location is set to ''
10:47:05 INFO  : Successfully done setting workspace for the tool. 
10:47:09 INFO  : Platform repository initialization has completed.
10:47:10 INFO  : Successfully done query RDI_DATADIR 
10:47:10 INFO  : Registering command handlers for Vitis TCF services
12:18:09 INFO  : Launching XSCT server: xsct.bat -n  -interactive C:\Users\priya\OneDrive\Desktop\AES_ENCRYPTION\SD\temp_xsdb_launch_script.tcl
12:18:14 INFO  : XSCT server has started successfully.
12:18:14 INFO  : plnx-install-location is set to ''
12:18:14 INFO  : Successfully done setting XSCT server connection channel  
12:18:14 INFO  : Successfully done setting workspace for the tool. 
12:18:25 INFO  : Platform repository initialization has completed.
12:18:26 INFO  : Registering command handlers for Vitis TCF services
12:18:38 INFO  : Successfully done query RDI_DATADIR 
